<?xml version="1.0" encoding="UTF-8"?>
<!-- Generated by org.testng.reporters.JUnitXMLReporter -->
<testsuite ignored="0" hostname="DESKTOP-KMCTGLT" failures="0" tests="4" name="Default test" time="46.565" errors="0" timestamp="2023-03-02T18:30:23 IST">
  <testcase classname="tata_EMS_Project_Test_Cases.Forgot_Password_Test" name="Test07_Verifying_Forgot_Password_with_ValidEmail" time="1.264"/>
  <testcase classname="tata_EMS_Project_Test_Cases.Forgot_Password_Test" name="Test07_Verifying_Forgot_Password_with_InvalidEmail" time="1.651"/>
  <testcase classname="tata_EMS_Project_Test_Cases.Forgot_Password_Test" name="Test07_Verifying_Forgot_Password_with_BlankDetails" time="1.029"/>
  <testcase classname="tata_EMS_Project_Test_Cases.Forgot_Password_Test" name="Test09_Verifying_ForgotPassword_Page_Logo" time="0.63"/>
</testsuite> <!-- Default test -->
