<?xml version="1.0" encoding="UTF-8"?>
<testng-results ignored="0" total="4" passed="4" failed="0" skipped="0">
  <reporter-output>
  </reporter-output>
  <suite started-at="2023-03-02T18:29:36 IST" name="Default suite" finished-at="2023-03-02T18:30:22 IST" duration-ms="46565">
    <groups>
    </groups>
    <test started-at="2023-03-02T18:29:36 IST" name="Default test" finished-at="2023-03-02T18:30:22 IST" duration-ms="46565">
      <class name="tata_EMS_Project_Test_Cases.Forgot_Password_Test">
        <test-method is-config="true" signature="applicationSetup()[pri:0, instance:tata_EMS_Project_Test_Cases.Forgot_Password_Test@4145bad8]" started-at="2023-03-02T18:29:36 IST" name="applicationSetup" finished-at="2023-03-02T18:29:48 IST" duration-ms="12019" status="PASS">
          <reporter-output>
          </reporter-output>
        </test-method> <!-- applicationSetup -->
        <test-method signature="Test07_Verifying_Forgot_Password_with_ValidEmail()[pri:0, instance:tata_EMS_Project_Test_Cases.Forgot_Password_Test@4145bad8]" started-at="2023-03-02T18:29:48 IST" name="Test07_Verifying_Forgot_Password_with_ValidEmail" finished-at="2023-03-02T18:29:49 IST" duration-ms="1264" status="PASS">
          <reporter-output>
          </reporter-output>
        </test-method> <!-- Test07_Verifying_Forgot_Password_with_ValidEmail -->
        <test-method is-config="true" signature="applicationClose()[pri:0, instance:tata_EMS_Project_Test_Cases.Forgot_Password_Test@4145bad8]" started-at="2023-03-02T18:29:50 IST" name="applicationClose" finished-at="2023-03-02T18:29:51 IST" duration-ms="1286" status="PASS">
          <reporter-output>
          </reporter-output>
        </test-method> <!-- applicationClose -->
        <test-method is-config="true" signature="applicationSetup()[pri:0, instance:tata_EMS_Project_Test_Cases.Forgot_Password_Test@4145bad8]" started-at="2023-03-02T18:29:51 IST" name="applicationSetup" finished-at="2023-03-02T18:29:59 IST" duration-ms="7833" status="PASS">
          <reporter-output>
          </reporter-output>
        </test-method> <!-- applicationSetup -->
        <test-method signature="Test07_Verifying_Forgot_Password_with_InvalidEmail()[pri:1, instance:tata_EMS_Project_Test_Cases.Forgot_Password_Test@4145bad8]" started-at="2023-03-02T18:29:59 IST" name="Test07_Verifying_Forgot_Password_with_InvalidEmail" finished-at="2023-03-02T18:30:00 IST" duration-ms="1651" status="PASS">
          <reporter-output>
          </reporter-output>
        </test-method> <!-- Test07_Verifying_Forgot_Password_with_InvalidEmail -->
        <test-method is-config="true" signature="applicationClose()[pri:0, instance:tata_EMS_Project_Test_Cases.Forgot_Password_Test@4145bad8]" started-at="2023-03-02T18:30:00 IST" name="applicationClose" finished-at="2023-03-02T18:30:02 IST" duration-ms="1242" status="PASS">
          <reporter-output>
          </reporter-output>
        </test-method> <!-- applicationClose -->
        <test-method is-config="true" signature="applicationSetup()[pri:0, instance:tata_EMS_Project_Test_Cases.Forgot_Password_Test@4145bad8]" started-at="2023-03-02T18:30:02 IST" name="applicationSetup" finished-at="2023-03-02T18:30:11 IST" duration-ms="9198" status="PASS">
          <reporter-output>
          </reporter-output>
        </test-method> <!-- applicationSetup -->
        <test-method signature="Test07_Verifying_Forgot_Password_with_BlankDetails()[pri:2, instance:tata_EMS_Project_Test_Cases.Forgot_Password_Test@4145bad8]" started-at="2023-03-02T18:30:11 IST" name="Test07_Verifying_Forgot_Password_with_BlankDetails" finished-at="2023-03-02T18:30:12 IST" duration-ms="1029" status="PASS">
          <reporter-output>
          </reporter-output>
        </test-method> <!-- Test07_Verifying_Forgot_Password_with_BlankDetails -->
        <test-method is-config="true" signature="applicationClose()[pri:0, instance:tata_EMS_Project_Test_Cases.Forgot_Password_Test@4145bad8]" started-at="2023-03-02T18:30:12 IST" name="applicationClose" finished-at="2023-03-02T18:30:13 IST" duration-ms="1276" status="PASS">
          <reporter-output>
          </reporter-output>
        </test-method> <!-- applicationClose -->
        <test-method is-config="true" signature="applicationSetup()[pri:0, instance:tata_EMS_Project_Test_Cases.Forgot_Password_Test@4145bad8]" started-at="2023-03-02T18:30:13 IST" name="applicationSetup" finished-at="2023-03-02T18:30:20 IST" duration-ms="7346" status="PASS">
          <reporter-output>
          </reporter-output>
        </test-method> <!-- applicationSetup -->
        <test-method signature="Test09_Verifying_ForgotPassword_Page_Logo()[pri:3, instance:tata_EMS_Project_Test_Cases.Forgot_Password_Test@4145bad8]" started-at="2023-03-02T18:30:20 IST" name="Test09_Verifying_ForgotPassword_Page_Logo" finished-at="2023-03-02T18:30:21 IST" duration-ms="630" status="PASS">
          <reporter-output>
          </reporter-output>
        </test-method> <!-- Test09_Verifying_ForgotPassword_Page_Logo -->
        <test-method is-config="true" signature="applicationClose()[pri:0, instance:tata_EMS_Project_Test_Cases.Forgot_Password_Test@4145bad8]" started-at="2023-03-02T18:30:21 IST" name="applicationClose" finished-at="2023-03-02T18:30:22 IST" duration-ms="1100" status="PASS">
          <reporter-output>
          </reporter-output>
        </test-method> <!-- applicationClose -->
      </class> <!-- tata_EMS_Project_Test_Cases.Forgot_Password_Test -->
    </test> <!-- Default test -->
  </suite> <!-- Default suite -->
</testng-results>
